<?xml version="1.0" encoding="UTF-8"?>
<!-- Generated by org.testng.reporters.JUnitReportReporter -->
<testsuite skipped="0" hostname="DELL" name="com.Ecommerce.qa.base.TestBase" tests="1" failures="0" timestamp="27 Sep 2018 16:39:06 GMT" time="40.043" errors="0">
  <testcase name="initialization" time="40.043" classname="com.Ecommerce.qa.base.TestBase"/>
</testsuite> <!-- com.Ecommerce.qa.base.TestBase -->
