<?xml version="1.0" encoding="UTF-8"?>
<!-- Generated by org.testng.reporters.JUnitReportReporter -->
<testsuite skipped="0" hostname="DELL" name="com.Ecommerce.qa.Test.HomePageTest" tests="2" failures="0" timestamp="01 Oct 2018 15:38:37 GMT" time="106.552" errors="0">
  <testcase name="initialization" time="82.274" classname="com.Ecommerce.qa.Test.HomePageTest"/>
  <testcase name="verifyHomePageTitle" time="24.278" classname="com.Ecommerce.qa.Test.HomePageTest"/>
</testsuite> <!-- com.Ecommerce.qa.Test.HomePageTest -->
