<?xml version="1.0" encoding="UTF-8"?>
<!-- Generated by org.testng.reporters.JUnitReportReporter -->
<testsuite skipped="0" hostname="DELL" name="com.Ecommerce.qa.Test.MobilePageTest" tests="1" failures="0" timestamp="30 Sep 2018 06:50:47 GMT" time="62.021" errors="0">
  <testcase name="verifyXperiaPrice" time="62.021" classname="com.Ecommerce.qa.Test.MobilePageTest"/>
</testsuite> <!-- com.Ecommerce.qa.Test.MobilePageTest -->
