<?xml version="1.0" encoding="UTF-8"?>
<!-- Generated by org.testng.reporters.JUnitReportReporter -->
<testsuite skipped="0" hostname="DELL" name="com.Ecommerce.qa.config.TestClass6" tests="1" failures="0" timestamp="03 Oct 2018 16:49:27 GMT" time="17.844" errors="0">
  <testcase name="verifyPurchaseProduct" time="17.844" classname="com.Ecommerce.qa.config.TestClass6"/>
</testsuite> <!-- com.Ecommerce.qa.config.TestClass6 -->
